<?xml version="1.0" encoding="UTF-8"?>
<coverage generated="1649343978819" clover="3.2.0">
  <project timestamp="1649343978819" name="All files">
    <metrics statements="14" coveredstatements="7" conditionals="8" coveredconditionals="1" methods="2" coveredmethods="2" elements="24" coveredelements="10" complexity="0" loc="14" ncloc="14" packages="1" files="2" classes="2"/>
    <file name="descuento.js" path="C:\Users\piopi\Desktop\Pdf U\Ingenieria de software\totalizador\src\descuento.js">
      <metrics statements="12" coveredstatements="5" conditionals="8" coveredconditionals="1" methods="1" coveredmethods="1"/>
      <line num="3" count="1" type="stmt"/>
      <line num="4" count="1" type="cond" truecount="1" falsecount="1"/>
      <line num="5" count="1" type="stmt"/>
      <line num="8" count="0" type="cond" truecount="0" falsecount="2"/>
      <line num="9" count="0" type="stmt"/>
      <line num="12" count="0" type="cond" truecount="0" falsecount="2"/>
      <line num="13" count="0" type="stmt"/>
      <line num="16" count="0" type="cond" truecount="0" falsecount="2"/>
      <line num="17" count="0" type="stmt"/>
      <line num="20" count="0" type="stmt"/>
      <line num="25" count="1" type="stmt"/>
      <line num="28" count="1" type="stmt"/>
    </file>
    <file name="impuestoEstado.js" path="C:\Users\piopi\Desktop\Pdf U\Ingenieria de software\totalizador\src\impuestoEstado.js">
      <metrics statements="2" coveredstatements="2" conditionals="0" coveredconditionals="0" methods="1" coveredmethods="1"/>
      <line num="3" count="1" type="stmt"/>
      <line num="10" count="1" type="stmt"/>
    </file>
  </project>
</coverage>
