{"C:\\Users\\piopi\\Desktop\\Pdf U\\Ingenieria de software\\totalizador\\src\\descuento.js": {"path":"C:\\Users\\piopi\\Desktop\\Pdf U\\Ingenieria de software\\totalizador\\src\\descuento.js","statementMap":{"0":{"start":{"line":3,"column":13},"end":{"line":3,"column":14}},"1":{"start":{"line":4,"column":4},"end":{"line":24,"column":5}},"2":{"start":{"line":5,"column":8},"end":{"line":5,"column":19}},"3":{"start":{"line":8,"column":8},"end":{"line":23,"column":9}},"4":{"start":{"line":9,"column":12},"end":{"line":9,"column":22}},"5":{"start":{"line":12,"column":12},"end":{"line":22,"column":13}},"6":{"start":{"line":13,"column":16},"end":{"line":13,"column":27}},"7":{"start":{"line":16,"column":16},"end":{"line":21,"column":17}},"8":{"start":{"line":17,"column":20},"end":{"line":17,"column":30}},"9":{"start":{"line":20,"column":20},"end":{"line":20,"column":31}},"10":{"start":{"line":25,"column":4},"end":{"line":25,"column":16}},"11":{"start":{"line":28,"column":0},"end":{"line":28,"column":27}}},"fnMap":{"0":{"name":"descuento","decl":{"start":{"line":1,"column":9},"end":{"line":1,"column":18}},"loc":{"start":{"line":2,"column":0},"end":{"line":26,"column":1}},"line":2}},"branchMap":{"0":{"loc":{"start":{"line":4,"column":4},"end":{"line":24,"column":5}},"type":"if","locations":[{"start":{"line":4,"column":4},"end":{"line":24,"column":5}},{"start":{"line":7,"column":8},"end":{"line":24,"column":5}}],"line":4},"1":{"loc":{"start":{"line":8,"column":8},"end":{"line":23,"column":9}},"type":"if","locations":[{"start":{"line":8,"column":8},"end":{"line":23,"column":9}},{"start":{"line":11,"column":12},"end":{"line":23,"column":9}}],"line":8},"2":{"loc":{"start":{"line":12,"column":12},"end":{"line":22,"column":13}},"type":"if","locations":[{"start":{"line":12,"column":12},"end":{"line":22,"column":13}},{"start":{"line":15,"column":16},"end":{"line":22,"column":13}}],"line":12},"3":{"loc":{"start":{"line":16,"column":16},"end":{"line":21,"column":17}},"type":"if","locations":[{"start":{"line":16,"column":16},"end":{"line":21,"column":17}},{"start":{"line":19,"column":20},"end":{"line":21,"column":17}}],"line":16}},"s":{"0":1,"1":1,"2":1,"3":0,"4":0,"5":0,"6":0,"7":0,"8":0,"9":0,"10":1,"11":1},"f":{"0":1},"b":{"0":[1,0],"1":[0,0],"2":[0,0],"3":[0,0]},"_coverageSchema":"1a1c01bbd47fc00a2c39e90264f33305004495a9","hash":"f180948185df5a6b11b26242bc4f6f4c78510cf1"}
,"C:\\Users\\piopi\\Desktop\\Pdf U\\Ingenieria de software\\totalizador\\src\\impuestoEstado.js": {"path":"C:\\Users\\piopi\\Desktop\\Pdf U\\Ingenieria de software\\totalizador\\src\\impuestoEstado.js","statementMap":{"0":{"start":{"line":3,"column":19},"end":{"line":9,"column":5}},"1":{"start":{"line":10,"column":4},"end":{"line":10,"column":25}}},"fnMap":{"0":{"name":"impuesto","decl":{"start":{"line":1,"column":9},"end":{"line":1,"column":17}},"loc":{"start":{"line":2,"column":0},"end":{"line":11,"column":1}},"line":2}},"branchMap":{},"s":{"0":1,"1":1},"f":{"0":1},"b":{},"_coverageSchema":"1a1c01bbd47fc00a2c39e90264f33305004495a9","hash":"855698215390289019ef28ce45badf4c51a4d932"}
}
